<?xml version="1.0" encoding="UTF-8"?>
<!-- Generated by org.testng.reporters.JUnitReportReporter -->
<testsuite hostname="IN-PG02P4VQ" failures="0" tests="9" name="Test.RestfulBookerTest" time="15.648" errors="0" timestamp="2024-10-10T18:55:35 IST" skipped="0">
  <testcase classname="Test.RestfulBookerTest" name="setupAuthentication" time="3.396"/>
  <testcase classname="Test.RestfulBookerTest" name="createBooking" time="2.031"/>
  <testcase classname="Test.RestfulBookerTest" name="GetAllBookingID" time="1.651"/>
  <testcase classname="Test.RestfulBookerTest" name="GetBookingIDByName" time="1.368"/>
  <testcase classname="Test.RestfulBookerTest" name="GetBookingIDByCheckInCheckOUTDate" time="1.401"/>
  <testcase classname="Test.RestfulBookerTest" name="GetBookingDetailFilterByID" time="1.320"/>
  <testcase classname="Test.RestfulBookerTest" name="updateBooking" time="1.337"/>
  <testcase classname="Test.RestfulBookerTest" name="partialUpdateBooking" time="1.393"/>
  <testcase classname="Test.RestfulBookerTest" name="deleteBooking" time="1.751"/>
</testsuite> <!-- Test.RestfulBookerTest -->
