<?xml version="1.0" encoding="UTF-8"?>
<!-- Generated by org.testng.reporters.JUnitReportReporter -->
<testsuite hostname="IN-PG02P4VQ" failures="0" tests="9" name="Test.RestfulBookerTest" time="14.567" errors="0" timestamp="2024-10-13T11:32:11 IST" skipped="0">
  <testcase classname="Test.RestfulBookerTest" name="setupAuthentication" time="2.891"/>
  <testcase classname="Test.RestfulBookerTest" name="createBooking" time="1.733"/>
  <testcase classname="Test.RestfulBookerTest" name="GetAllBookingID" time="1.416"/>
  <testcase classname="Test.RestfulBookerTest" name="GetBookingIDByName" time="1.352"/>
  <testcase classname="Test.RestfulBookerTest" name="GetBookingIDByCheckInCheckOUTDate" time="1.367"/>
  <testcase classname="Test.RestfulBookerTest" name="GetBookingDetailFilterByID" time="1.402"/>
  <testcase classname="Test.RestfulBookerTest" name="updateBooking" time="1.590"/>
  <testcase classname="Test.RestfulBookerTest" name="partialUpdateBooking" time="1.401"/>
  <testcase classname="Test.RestfulBookerTest" name="deleteBooking" time="1.415"/>
</testsuite> <!-- Test.RestfulBookerTest -->
